TaskID     GiftID     GiftType      TaskType      RequestTime        TaskArrival     TT      Responsable      
____________________________________________________________________________________________________________
1             1          3              A           1671198212         1671198212         2              B       
2             2          1              C           1671198213         1671198213         1              A       
3             1          3              C           1671198212         1671198214         1              B       
4             3          1              C           1671198214         1671198214         1              A       
5             2          1              D           1671198213         1671198214         2              S       
9             5          1              C           1671198216         1671198216         1              B       
6             1          3              D           1671198212         1671198215         3              S       
8             4          2              P           1671198215         1671198215         3              A       
12             4          2              C           1671198215         1671198218         1              B       
7             3          1              D           1671198214         1671198215         5              S       
13             7          1              C           1671198218         1671198218         2              B       
11             6          2              P           1671198217         1671198217         4              A       
15             8          1              C           1671198219         1671198219         2              B       
19             6          2              C           1671198217         1671198221         1              A       
10             5          1              D           1671198216         1671198217         5              S       
21             10          1              C           1671198221         1671198221         1              B       
14             4          2              D           1671198215         1671198219         5              S       
17             9          4              P           1671198220         1671198220         5              A       
25             12          3              A           1671198223         1671198223         2              B       
16             7          1              D           1671198218         1671198220         6              S       
28             12          3              C           1671198223         1671198225         1              B       
29             14          1              C           1671198225         1671198225         2              B       
24             11          2              P           1671198222         1671198222         6              A       
20             8          1              D           1671198219         1671198221         7              S       
33             16          1              C           1671198227         1671198227         1              B       
34             11          2              C           1671198222         1671198228         1              A       
22             6          2              D           1671198217         1671198222         8              S       
36             17          3              A           1671198228         1671198228         2              B       
39             17          3              C           1671198228         1671198230         1              B       
26             13          2              P           1671198224         1671198224         8              A       
23             10          1              D           1671198221         1671198222         10              S       
43             13          2              C           1671198224         1671198232         1              A       
38             18          3              A           1671198229         1671198229         4              B       
30             12          3              D           1671198223         1671198226         8              S       
46             18          3              C           1671198229         1671198233         1              B       
31             15          2              P           1671198226         1671198226         10              A       
32             14          1              D           1671198225         1671198227         9              S       
42             20          3              A           1671198231         1671198231         5              B       
51             24          1              C           1671198235         1671198235         2              A       
52             15          2              C           1671198226         1671198236         1              B       
35             16          1              D           1671198227         1671198228         10              S       
53             20          3              C           1671198231         1671198236         2              A       
58             26          1              C           1671198237         1671198237         2              A       
18             9          4              Q           1671198220         1671198220         19              S       
47             22          3              A           1671198233         1671198233         6              B       
18             9          4              C           1671198220         1671198239         1              B       
37             11          2              D           1671198222         1671198229         12              S       
62             22          3              C           1671198233         1671198239         2              B       
40             19          2              P           1671198230         1671198230         12              A       
50             23          4              Q           1671198234         1671198234         8              S       
66             29          1              C           1671198240         1671198240         2              B       
69             19          2              C           1671198230         1671198242         1              A       
71             31          1              C           1671198242         1671198242         2              A       
41             17          3              D           1671198228         1671198231         13              S       
60             27          3              A           1671198238         1671198238         6              B       
73             32          1              C           1671198243         1671198243         2              A       
75             27          3              C           1671198238         1671198244         1              B       
74             31          1              D           1671198242         1671198244         2              S       
76             33          1              C           1671198244         1671198244         2              A       
63             28          5              A           1671198239         1671198239         8              B       
77             32          1              D           1671198243         1671198245         3              S       
81             35          1              C           1671198246         1671198246         2              B       
44             21          2              P           1671198232         1671198232         17              A       
80             33          1              D           1671198244         1671198246         4              S       
85             37          1              C           1671198248         1671198248         2              A       
68             30          3              A           1671198241         1671198241         9              B       
86             21          2              C           1671198232         1671198249         2              A       
89             30          3              C           1671198241         1671198250         1              B       
45             13          2              D           1671198224         1671198233         19              S       
90             39          1              C           1671198250         1671198250         2              A       
95             41          1              C           1671198252         1671198252         1              B       
48             18          3              D           1671198229         1671198234         20              S       
49             23          4              P           1671198234         1671198234         21              A       
56             24          1              D           1671198235         1671198237         19              S       
100             23          4              C           1671198234         1671198255         1              B       
55             25          4              Q           1671198236         1671198236         21              S       
104             45          1              C           1671198256         1671198256         1              B       
54             25          4              P           1671198236         1671198236         22              A       
64             28          5              Q           1671198239         1671198239         19              S       
108             25          4              C           1671198236         1671198258         1              B       
99             43          4              Q           1671198254         1671198254         5              S       
64             28          5              C           1671198239         1671198258         2              B       
102             44          4              Q           1671198255         1671198255         5              S       
79             34          2              P           1671198245         1671198245         16              A       
107             46          4              Q           1671198257         1671198257         4              S       
116             34          2              C           1671198245         1671198261         1              A       
109             47          5              C           1671198258         1671198258         4              B       
57             15          2              D           1671198226         1671198237         26              S       
115             49          3              A           1671198260         1671198260         4              B       
83             36          2              P           1671198247         1671198247         18              A       
120             51          1              C           1671198262         1671198262         3              B       
59             20          3              D           1671198231         1671198238         27              S       
121             52          1              C           1671198263         1671198263         3              A       
122             49          3              C           1671198260         1671198264         2              B       
124             36          2              C           1671198247         1671198265         2              A       
61             26          1              D           1671198237         1671198239         28              S       
117             50          3              A           1671198261         1671198261         7              B       
132             50          3              C           1671198261         1671198268         1              B       
65             9          4              D           1671198220         1671198240         29              S       
87             38          2              P           1671198249         1671198249         21              A       
137             38          2              C           1671198249         1671198270         1              A       
123             53          3              A           1671198264         1671198264         7              B       
67             22          3              D           1671198233         1671198241         30              S       
141             53          3              C           1671198264         1671198271         1              B       
110             47          5              Q           1671198258         1671198258         14              S       
113             48          4              Q           1671198259         1671198259         14              S       
142             60          1              C           1671198271         1671198271         2              B       
93             40          2              P           1671198251         1671198251         23              A       
110             47          5              C           1671198258         1671198272         2              B       
146             62          1              C           1671198273         1671198273         2              A       
70             29          1              D           1671198240         1671198242         33              S       
147             40          2              C           1671198251         1671198274         1              B       
149             63          1              C           1671198274         1671198274         2              A       
150             62          1              D           1671198273         1671198275         2              S       
126             54          3              A           1671198265         1671198265         12              B       
155             54          3              C           1671198265         1671198277         1              B       
144             61          2              P           1671198272         1671198272         7              A       
153             63          1              D           1671198274         1671198276         3              S       
156             66          1              C           1671198277         1671198277         2              B       
159             61          2              C           1671198272         1671198279         1              A       
72             19          2              D           1671198230         1671198243         38              S       
129             55          3              A           1671198266         1671198266         15              B       
163             69          1              C           1671198280         1671198280         2              B       
97             42          2              P           1671198253         1671198253         30              A       
162             61          2              D           1671198272         1671198280         3              S       
164             55          3              C           1671198266         1671198281         2              B       
169             42          2              C           1671198253         1671198283         1              A       
136             58          5              Q           1671198269         1671198269         15              S       
171             72          1              C           1671198283         1671198283         2              A       
133             57          3              A           1671198268         1671198268         17              B       
78             27          3              D           1671198238         1671198245         41              S       
175             57          3              C           1671198268         1671198285         1              B       
98             43          4              P           1671198254         1671198254         34              A       
84             35          1              D           1671198246         1671198248         40              S       
135             58          5              A           1671198269         1671198269         19              B       
180             43          4              C           1671198254         1671198288         1              A       
181             58          5              C           1671198269         1671198288         1              B       
88             37          1              D           1671198248         1671198250         40              S       
182             77          1              C           1671198288         1671198288         2              A       
139             59          4              Q           1671198270         1671198270         21              S       
154             65          3              A           1671198276         1671198276         15              B       
189             65          3              C           1671198276         1671198291         1              B       
91             21          2              D           1671198232         1671198251         42              S       
101             44          4              P           1671198255         1671198255         38              A       
190             80          1              C           1671198291         1671198291         2              B       
193             44          4              C           1671198255         1671198293         1              A       
92             30          3              D           1671198241         1671198251         44              S       
165             70          5              C           1671198281         1671198281         14              B       
197             83          1              C           1671198294         1671198294         2              B       
94             39          1              D           1671198250         1671198252         45              S       
106             46          4              P           1671198257         1671198257         40              A       
203             46          4              C           1671198257         1671198297         1              A       
166             70          5              Q           1671198281         1671198281         17              S       
168             71          3              A           1671198282         1671198282         16              B       
204             86          1              C           1671198297         1671198297         2              A       
166             70          5              C           1671198281         1671198298         1              B       
96             41          1              D           1671198252         1671198253         47              S       
206             71          3              C           1671198282         1671198298         2              A       
207             87          1              C           1671198298         1671198298         2              B       
103             23          4              D           1671198234         1671198256         46              S       
173             73          3              A           1671198284         1671198284         18              B       
112             48          4              P           1671198259         1671198259         44              A       
213             89          1              C           1671198300         1671198300         3              B       
105             45          1              D           1671198256         1671198257         47              S       
216             91          1              C           1671198302         1671198302         2              A       
215             73          3              C           1671198284         1671198302         2              B       
217             48          4              C           1671198259         1671198303         2              A       
219             92          1              C           1671198303         1671198303         2              B       
111             25          4              D           1671198236         1671198259         47              S       
222             93          1              C           1671198304         1671198304         2              A       
176             74          3              A           1671198285         1671198285         22              B       
225             94          1              C           1671198305         1671198305         2              A       
224             92          1              D           1671198303         1671198305         3              S       
228             74          3              C           1671198285         1671198307         1              B       
230             96          1              C           1671198307         1671198307         2              B       
229             94          1              D           1671198305         1671198307         3              S       
131             56          2              P           1671198267         1671198267         43              A       
232             97          1              C           1671198308         1671198308         2              B       
234             98          1              C           1671198309         1671198309         2              A       
235             56          2              C           1671198267         1671198310         1              B       
226             93          1              D           1671198304         1671198306         6              S       
237             99          1              C           1671198310         1671198310         2              A       
178             75          3              A           1671198286         1671198286         27              B       
220             91          1              D           1671198302         1671198304         10              S       
243             75          3              C           1671198286         1671198313         1              B       
138             59          4              P           1671198270         1671198270         45              A       
244             102          1              C           1671198313         1671198313         2              B       
114             28          5              D           1671198239         1671198260         56              S       
246             103          1              C           1671198314         1671198314         2              A       
247             59          4              C           1671198270         1671198315         1              B       
118             34          2              D           1671198245         1671198262         56              S       
185             78          5              C           1671198289         1671198289         29              B       
186             78          5              Q           1671198289         1671198289         30              S       
152             64          2              P           1671198275         1671198275         44              A       
252             105          1              C           1671198316         1671198316         3              B       
186             78          5              C           1671198289         1671198319         1              A       
257             64          2              C           1671198275         1671198319         1              B       
125             51          1              D           1671198262         1671198265         56              S       
188             79          3              A           1671198290         1671198290         32              B       
127             52          1              D           1671198263         1671198266         57              S       
158             67          2              P           1671198278         1671198278         45              A       
262             109          1              C           1671198320         1671198320         3              B       
263             110          1              C           1671198321         1671198321         3              A       
264             79          3              C           1671198290         1671198322         2              B       
128             49          3              D           1671198260         1671198266         59              S       
266             67          2              C           1671198278         1671198323         2              A       
268             112          1              C           1671198323         1671198323         2              B       
130             36          2              D           1671198247         1671198267         60              S       
195             82          3              A           1671198293         1671198293         34              B       
161             68          2              P           1671198279         1671198279         49              A       
275             115          1              C           1671198326         1671198326         2              B       
134             50          3              D           1671198261         1671198269         60              S       
276             82          3              C           1671198293         1671198327         2              A       
277             116          1              C           1671198327         1671198327         2              B       
278             68          2              C           1671198279         1671198328         2              A       
280             117          1              C           1671198328         1671198328         2              B       
140             38          2              D           1671198249         1671198271         60              S       
283             118          1              C           1671198329         1671198329         2              A       
202             85          3              A           1671198296         1671198296         36              B       
